<?xml version="1.0" encoding="UTF-8"?>
<!-- Generated by org.testng.reporters.JUnitXMLReporter -->
<testsuite ignored="0" hostname="DESKTOP-RLJTTAG" failures="2" tests="7" name="edgetest" time="52.417" errors="0" timestamp="2025-09-17T11:40:38 IST">
  <testcase classname="testcases.Account_registration_test" name="test_account_Registration" time="4.818"/>
  <testcase classname="testcases.Login_test" name="verify_login" time="5.935"/>
  <testcase classname="testcases.Login_DDT" name="verify_login_DDT" time="2.454"/>
  <testcase classname="testcases.Login_DDT" name="verify_login_DDT" time="2.361">
    <failure type="java.lang.AssertionError" message="expected [true] but found [false]">
      <![CDATA[java.lang.AssertionError: expected [true] but found [false]
at testcases.Login_DDT.verify_login_DDT(Login_DDT.java:57)
at java.base/java.util.ArrayList.forEach(ArrayList.java:1511)
at java.base/java.util.concurrent.FutureTask.run(FutureTask.java:264)
at java.base/java.util.concurrent.ThreadPoolExecutor.runWorker(ThreadPoolExecutor.java:1136)
at java.base/java.util.concurrent.ThreadPoolExecutor$Worker.run(ThreadPoolExecutor.java:635)
at java.base/java.lang.Thread.run(Thread.java:842)
... Removed 21 stack frames]]>
    </failure>
  </testcase> <!-- verify_login_DDT -->
  <testcase classname="testcases.Login_DDT" name="verify_login_DDT" time="2.963">
    <failure type="java.lang.AssertionError" message="expected [true] but found [false]">
      <![CDATA[java.lang.AssertionError: expected [true] but found [false]
at testcases.Login_DDT.verify_login_DDT(Login_DDT.java:57)
at java.base/java.util.ArrayList.forEach(ArrayList.java:1511)
at java.base/java.util.concurrent.FutureTask.run(FutureTask.java:264)
at java.base/java.util.concurrent.ThreadPoolExecutor.runWorker(ThreadPoolExecutor.java:1136)
at java.base/java.util.concurrent.ThreadPoolExecutor$Worker.run(ThreadPoolExecutor.java:635)
at java.base/java.lang.Thread.run(Thread.java:842)
... Removed 21 stack frames]]>
    </failure>
  </testcase> <!-- verify_login_DDT -->
  <testcase classname="testcases.Login_DDT" name="verify_login_DDT" time="12.158"/>
  <testcase classname="testcases.Login_DDT" name="verify_login_DDT" time="2.407"/>
</testsuite> <!-- edgetest -->
